<?xml version="1.0" encoding="UTF-8"?>
<!-- Generated by org.testng.reporters.JUnitReportReporter -->
<testsuite hostname="DESKTOP-VMG67PA" failures="0" tests="1" name="testCases.TC001_AccountRegistrationTest" time="3.601" errors="0" timestamp="2024-12-02T10:12:14 PST" skipped="0">
  <testcase classname="testCases.TC001_AccountRegistrationTest" name="verify_account_registration" time="3.601"/>
</testsuite> <!-- testCases.TC001_AccountRegistrationTest -->
