<?xml version="1.0" encoding="UTF-8"?>
<!-- Generated by org.testng.reporters.JUnitReportReporter -->
<testsuite hostname="DESKTOP-VMG67PA" failures="0" tests="1" name="testCases.TC00_LoginTest" time="1.996" errors="0" timestamp="2024-12-02T10:12:14 PST" skipped="0">
  <testcase classname="testCases.TC00_LoginTest" name="verify_login" time="1.996"/>
</testsuite> <!-- testCases.TC00_LoginTest -->
